{"C:\\Users\\Usuario\\Desktop\\Universidad\\Quinto Semestre\\Sistemas web\\Lab Calcu\\LabCalcu\\.eslintrc.cjs": {"path":"C:\\Users\\Usuario\\Desktop\\Universidad\\Quinto Semestre\\Sistemas web\\Lab Calcu\\LabCalcu\\.eslintrc.cjs","all":true,"statementMap":{"0":{"start":{"line":1,"column":0},"end":{"line":1,"column":18}},"1":{"start":{"line":2,"column":0},"end":{"line":2,"column":13}},"2":{"start":{"line":3,"column":0},"end":{"line":3,"column":39}},"3":{"start":{"line":4,"column":0},"end":{"line":4,"column":12}},"4":{"start":{"line":5,"column":0},"end":{"line":5,"column":25}},"5":{"start":{"line":6,"column":0},"end":{"line":6,"column":31}},"6":{"start":{"line":7,"column":0},"end":{"line":7,"column":31}},"7":{"start":{"line":8,"column":0},"end":{"line":8,"column":37}},"8":{"start":{"line":9,"column":0},"end":{"line":9,"column":4}},"9":{"start":{"line":10,"column":0},"end":{"line":10,"column":44}},"10":{"start":{"line":11,"column":0},"end":{"line":11,"column":65}},"11":{"start":{"line":12,"column":0},"end":{"line":12,"column":43}},"12":{"start":{"line":13,"column":0},"end":{"line":13,"column":29}},"13":{"start":{"line":14,"column":0},"end":{"line":14,"column":10}},"14":{"start":{"line":15,"column":0},"end":{"line":15,"column":39}},"15":{"start":{"line":16,"column":0},"end":{"line":16,"column":45}},"16":{"start":{"line":17,"column":0},"end":{"line":17,"column":13}},"17":{"start":{"line":18,"column":0},"end":{"line":18,"column":36}},"18":{"start":{"line":19,"column":0},"end":{"line":19,"column":6}},"19":{"start":{"line":20,"column":0},"end":{"line":20,"column":4}},"20":{"start":{"line":21,"column":0},"end":{"line":21,"column":1}}},"s":{"0":0,"1":0,"2":0,"3":0,"4":0,"5":0,"6":0,"7":0,"8":0,"9":0,"10":0,"11":0,"12":0,"13":0,"14":0,"15":0,"16":0,"17":0,"18":0,"19":0,"20":0},"branchMap":{"0":{"type":"branch","line":1,"loc":{"start":{"line":1,"column":565},"end":{"line":21,"column":1}},"locations":[{"start":{"line":1,"column":565},"end":{"line":21,"column":1}}]}},"b":{"0":[0]},"fnMap":{"0":{"name":"(empty-report)","decl":{"start":{"line":1,"column":565},"end":{"line":21,"column":1}},"loc":{"start":{"line":1,"column":565},"end":{"line":21,"column":1}},"line":1}},"f":{"0":0}}
,"C:\\Users\\Usuario\\Desktop\\Universidad\\Quinto Semestre\\Sistemas web\\Lab Calcu\\LabCalcu\\src\\App.jsx": {"path":"C:\\Users\\Usuario\\Desktop\\Universidad\\Quinto Semestre\\Sistemas web\\Lab Calcu\\LabCalcu\\src\\App.jsx","all":false,"statementMap":{"0":{"start":{"line":1,"column":0},"end":{"line":1,"column":51}},"1":{"start":{"line":2,"column":0},"end":{"line":2,"column":19}},"2":{"start":{"line":3,"column":0},"end":{"line":3,"column":0}},"3":{"start":{"line":4,"column":0},"end":{"line":4,"column":16}},"4":{"start":{"line":5,"column":0},"end":{"line":5,"column":42}},"5":{"start":{"line":6,"column":0},"end":{"line":6,"column":59}},"6":{"start":{"line":7,"column":0},"end":{"line":7,"column":49}},"7":{"start":{"line":8,"column":0},"end":{"line":8,"column":68}},"8":{"start":{"line":9,"column":0},"end":{"line":9,"column":49}},"9":{"start":{"line":10,"column":0},"end":{"line":10,"column":0}},"10":{"start":{"line":11,"column":0},"end":{"line":11,"column":34}},"11":{"start":{"line":12,"column":0},"end":{"line":12,"column":24}},"12":{"start":{"line":13,"column":0},"end":{"line":13,"column":80}},"13":{"start":{"line":14,"column":0},"end":{"line":14,"column":21}},"14":{"start":{"line":15,"column":0},"end":{"line":15,"column":34}},"15":{"start":{"line":16,"column":0},"end":{"line":16,"column":35}},"16":{"start":{"line":17,"column":0},"end":{"line":17,"column":45}},"17":{"start":{"line":18,"column":0},"end":{"line":18,"column":34}},"18":{"start":{"line":19,"column":0},"end":{"line":19,"column":12}},"19":{"start":{"line":20,"column":0},"end":{"line":20,"column":52}},"20":{"start":{"line":21,"column":0},"end":{"line":21,"column":73}},"21":{"start":{"line":22,"column":0},"end":{"line":22,"column":7}},"22":{"start":{"line":23,"column":0},"end":{"line":23,"column":5}},"23":{"start":{"line":24,"column":0},"end":{"line":24,"column":4}},"24":{"start":{"line":25,"column":0},"end":{"line":25,"column":0}},"25":{"start":{"line":26,"column":0},"end":{"line":26,"column":35}},"26":{"start":{"line":27,"column":0},"end":{"line":27,"column":21}},"27":{"start":{"line":28,"column":0},"end":{"line":28,"column":38}},"28":{"start":{"line":29,"column":0},"end":{"line":29,"column":19}},"29":{"start":{"line":30,"column":0},"end":{"line":30,"column":12}},"30":{"start":{"line":31,"column":0},"end":{"line":31,"column":45}},"31":{"start":{"line":32,"column":0},"end":{"line":32,"column":34}},"32":{"start":{"line":33,"column":0},"end":{"line":33,"column":39}},"33":{"start":{"line":34,"column":0},"end":{"line":34,"column":28}},"34":{"start":{"line":35,"column":0},"end":{"line":35,"column":74}},"35":{"start":{"line":36,"column":0},"end":{"line":36,"column":35}},"36":{"start":{"line":37,"column":0},"end":{"line":37,"column":35}},"37":{"start":{"line":38,"column":0},"end":{"line":38,"column":7}},"38":{"start":{"line":39,"column":0},"end":{"line":39,"column":22}},"39":{"start":{"line":40,"column":0},"end":{"line":40,"column":33}},"40":{"start":{"line":41,"column":0},"end":{"line":41,"column":5}},"41":{"start":{"line":42,"column":0},"end":{"line":42,"column":4}},"42":{"start":{"line":43,"column":0},"end":{"line":43,"column":0}},"43":{"start":{"line":44,"column":0},"end":{"line":44,"column":44}},"44":{"start":{"line":45,"column":0},"end":{"line":45,"column":17}},"45":{"start":{"line":46,"column":0},"end":{"line":46,"column":15}},"46":{"start":{"line":47,"column":0},"end":{"line":47,"column":30}},"47":{"start":{"line":48,"column":0},"end":{"line":48,"column":15}},"48":{"start":{"line":49,"column":0},"end":{"line":49,"column":30}},"49":{"start":{"line":50,"column":0},"end":{"line":50,"column":15}},"50":{"start":{"line":51,"column":0},"end":{"line":51,"column":30}},"51":{"start":{"line":52,"column":0},"end":{"line":52,"column":15}},"52":{"start":{"line":53,"column":0},"end":{"line":53,"column":30}},"53":{"start":{"line":54,"column":0},"end":{"line":54,"column":14}},"54":{"start":{"line":55,"column":0},"end":{"line":55,"column":23}},"55":{"start":{"line":56,"column":0},"end":{"line":56,"column":5}},"56":{"start":{"line":57,"column":0},"end":{"line":57,"column":4}},"57":{"start":{"line":58,"column":0},"end":{"line":58,"column":0}},"58":{"start":{"line":59,"column":0},"end":{"line":59,"column":33}},"59":{"start":{"line":60,"column":0},"end":{"line":60,"column":22}},"60":{"start":{"line":61,"column":0},"end":{"line":61,"column":44}},"61":{"start":{"line":62,"column":0},"end":{"line":62,"column":45}},"62":{"start":{"line":63,"column":0},"end":{"line":63,"column":72}},"63":{"start":{"line":64,"column":0},"end":{"line":64,"column":33}},"64":{"start":{"line":65,"column":0},"end":{"line":65,"column":29}},"65":{"start":{"line":66,"column":0},"end":{"line":66,"column":24}},"66":{"start":{"line":67,"column":0},"end":{"line":67,"column":33}},"67":{"start":{"line":68,"column":0},"end":{"line":68,"column":5}},"68":{"start":{"line":69,"column":0},"end":{"line":69,"column":4}},"69":{"start":{"line":70,"column":0},"end":{"line":70,"column":0}},"70":{"start":{"line":71,"column":0},"end":{"line":71,"column":23}},"71":{"start":{"line":72,"column":0},"end":{"line":72,"column":23}},"72":{"start":{"line":73,"column":0},"end":{"line":73,"column":18}},"73":{"start":{"line":74,"column":0},"end":{"line":74,"column":27}},"74":{"start":{"line":75,"column":0},"end":{"line":75,"column":22}},"75":{"start":{"line":76,"column":0},"end":{"line":76,"column":32}},"76":{"start":{"line":77,"column":0},"end":{"line":77,"column":4}},"77":{"start":{"line":78,"column":0},"end":{"line":78,"column":0}},"78":{"start":{"line":79,"column":0},"end":{"line":79,"column":28}},"79":{"start":{"line":80,"column":0},"end":{"line":80,"column":24}},"80":{"start":{"line":81,"column":0},"end":{"line":81,"column":50}},"81":{"start":{"line":82,"column":0},"end":{"line":82,"column":4}},"82":{"start":{"line":83,"column":0},"end":{"line":83,"column":0}},"83":{"start":{"line":84,"column":0},"end":{"line":84,"column":28}},"84":{"start":{"line":85,"column":0},"end":{"line":85,"column":22}},"85":{"start":{"line":86,"column":0},"end":{"line":86,"column":51}},"86":{"start":{"line":87,"column":0},"end":{"line":87,"column":4}},"87":{"start":{"line":88,"column":0},"end":{"line":88,"column":0}},"88":{"start":{"line":89,"column":0},"end":{"line":89,"column":37}},"89":{"start":{"line":90,"column":0},"end":{"line":90,"column":20}},"90":{"start":{"line":91,"column":0},"end":{"line":91,"column":55}},"91":{"start":{"line":92,"column":0},"end":{"line":92,"column":55}},"92":{"start":{"line":93,"column":0},"end":{"line":93,"column":55}},"93":{"start":{"line":94,"column":0},"end":{"line":94,"column":34}},"94":{"start":{"line":95,"column":0},"end":{"line":95,"column":6}},"95":{"start":{"line":96,"column":0},"end":{"line":96,"column":34}},"96":{"start":{"line":97,"column":0},"end":{"line":97,"column":14}},"97":{"start":{"line":98,"column":0},"end":{"line":98,"column":52}},"98":{"start":{"line":99,"column":0},"end":{"line":99,"column":26}},"99":{"start":{"line":100,"column":0},"end":{"line":100,"column":28}},"100":{"start":{"line":101,"column":0},"end":{"line":101,"column":16}},"101":{"start":{"line":102,"column":0},"end":{"line":102,"column":31}},"102":{"start":{"line":103,"column":0},"end":{"line":103,"column":9}},"103":{"start":{"line":104,"column":0},"end":{"line":104,"column":14}},"104":{"start":{"line":105,"column":0},"end":{"line":105,"column":25}},"105":{"start":{"line":106,"column":0},"end":{"line":106,"column":7}},"106":{"start":{"line":107,"column":0},"end":{"line":107,"column":5}},"107":{"start":{"line":108,"column":0},"end":{"line":108,"column":4}},"108":{"start":{"line":109,"column":0},"end":{"line":109,"column":0}},"109":{"start":{"line":110,"column":0},"end":{"line":110,"column":19}},"110":{"start":{"line":111,"column":0},"end":{"line":111,"column":55}},"111":{"start":{"line":112,"column":0},"end":{"line":112,"column":18}},"112":{"start":{"line":113,"column":0},"end":{"line":113,"column":60}},"113":{"start":{"line":114,"column":0},"end":{"line":114,"column":6}},"114":{"start":{"line":115,"column":0},"end":{"line":115,"column":58}},"115":{"start":{"line":116,"column":0},"end":{"line":116,"column":0}},"116":{"start":{"line":117,"column":0},"end":{"line":117,"column":10}},"117":{"start":{"line":118,"column":0},"end":{"line":118,"column":32}},"118":{"start":{"line":119,"column":0},"end":{"line":119,"column":44}},"119":{"start":{"line":120,"column":0},"end":{"line":120,"column":27}},"120":{"start":{"line":121,"column":0},"end":{"line":121,"column":116}},"121":{"start":{"line":122,"column":0},"end":{"line":122,"column":129}},"122":{"start":{"line":123,"column":0},"end":{"line":123,"column":124}},"123":{"start":{"line":124,"column":0},"end":{"line":124,"column":170}},"124":{"start":{"line":125,"column":0},"end":{"line":125,"column":12}},"125":{"start":{"line":126,"column":0},"end":{"line":126,"column":27}},"126":{"start":{"line":127,"column":0},"end":{"line":127,"column":74}},"127":{"start":{"line":128,"column":0},"end":{"line":128,"column":74}},"128":{"start":{"line":129,"column":0},"end":{"line":129,"column":74}},"129":{"start":{"line":130,"column":0},"end":{"line":130,"column":172}},"130":{"start":{"line":131,"column":0},"end":{"line":131,"column":12}},"131":{"start":{"line":132,"column":0},"end":{"line":132,"column":27}},"132":{"start":{"line":133,"column":0},"end":{"line":133,"column":74}},"133":{"start":{"line":134,"column":0},"end":{"line":134,"column":74}},"134":{"start":{"line":135,"column":0},"end":{"line":135,"column":74}},"135":{"start":{"line":136,"column":0},"end":{"line":136,"column":172}},"136":{"start":{"line":137,"column":0},"end":{"line":137,"column":12}},"137":{"start":{"line":138,"column":0},"end":{"line":138,"column":27}},"138":{"start":{"line":139,"column":0},"end":{"line":139,"column":74}},"139":{"start":{"line":140,"column":0},"end":{"line":140,"column":74}},"140":{"start":{"line":141,"column":0},"end":{"line":141,"column":74}},"141":{"start":{"line":142,"column":0},"end":{"line":142,"column":167}},"142":{"start":{"line":143,"column":0},"end":{"line":143,"column":12}},"143":{"start":{"line":144,"column":0},"end":{"line":144,"column":27}},"144":{"start":{"line":145,"column":0},"end":{"line":145,"column":91}},"145":{"start":{"line":146,"column":0},"end":{"line":146,"column":80}},"146":{"start":{"line":147,"column":0},"end":{"line":147,"column":139}},"147":{"start":{"line":148,"column":0},"end":{"line":148,"column":12}},"148":{"start":{"line":149,"column":0},"end":{"line":149,"column":10}},"149":{"start":{"line":150,"column":0},"end":{"line":150,"column":4}},"150":{"start":{"line":151,"column":0},"end":{"line":151,"column":1}},"151":{"start":{"line":152,"column":0},"end":{"line":152,"column":0}},"152":{"start":{"line":153,"column":0},"end":{"line":153,"column":19}}},"s":{"0":1,"1":1,"2":1,"3":25,"4":25,"5":25,"6":25,"7":25,"8":25,"9":25,"10":25,"11":10,"12":10,"13":0,"14":0,"15":10,"16":4,"17":4,"18":10,"19":6,"20":6,"21":6,"22":6,"23":10,"24":25,"25":25,"26":4,"27":4,"28":0,"29":4,"30":4,"31":4,"32":3,"33":4,"34":1,"35":1,"36":1,"37":1,"38":4,"39":4,"40":4,"41":4,"42":25,"43":25,"44":4,"45":4,"46":3,"47":4,"48":0,"49":4,"50":1,"51":4,"52":0,"53":4,"54":0,"55":4,"56":4,"57":25,"58":25,"59":3,"60":3,"61":3,"62":3,"63":3,"64":3,"65":3,"66":3,"67":3,"68":3,"69":25,"70":25,"71":1,"72":1,"73":1,"74":1,"75":1,"76":1,"77":25,"78":25,"79":1,"80":1,"81":1,"82":25,"83":25,"84":1,"85":1,"86":1,"87":25,"88":25,"89":0,"90":0,"91":0,"92":0,"93":0,"94":0,"95":0,"96":0,"97":0,"98":0,"99":0,"100":0,"101":0,"102":0,"103":0,"104":0,"105":0,"106":0,"107":0,"108":25,"109":25,"110":25,"111":25,"112":25,"113":25,"114":25,"115":25,"116":25,"117":25,"118":25,"119":25,"120":25,"121":25,"122":25,"123":25,"124":25,"125":25,"126":25,"127":25,"128":25,"129":25,"130":25,"131":25,"132":25,"133":25,"134":25,"135":25,"136":25,"137":25,"138":25,"139":25,"140":25,"141":25,"142":25,"143":25,"144":25,"145":25,"146":25,"147":25,"148":25,"149":25,"150":25,"151":1,"152":1},"branchMap":{"0":{"type":"branch","line":4,"loc":{"start":{"line":4,"column":0},"end":{"line":151,"column":1}},"locations":[{"start":{"line":4,"column":0},"end":{"line":151,"column":1}}]},"1":{"type":"branch","line":121,"loc":{"start":{"line":121,"column":76},"end":{"line":121,"column":101}},"locations":[{"start":{"line":121,"column":76},"end":{"line":121,"column":101}}]},"2":{"type":"branch","line":121,"loc":{"start":{"line":121,"column":83},"end":{"line":121,"column":105}},"locations":[{"start":{"line":121,"column":83},"end":{"line":121,"column":105}}]},"3":{"type":"branch","line":122,"loc":{"start":{"line":122,"column":87},"end":{"line":122,"column":113}},"locations":[{"start":{"line":122,"column":87},"end":{"line":122,"column":113}}]},"4":{"type":"branch","line":122,"loc":{"start":{"line":122,"column":95},"end":{"line":122,"column":117}},"locations":[{"start":{"line":122,"column":95},"end":{"line":122,"column":117}}]},"5":{"type":"branch","line":123,"loc":{"start":{"line":123,"column":86},"end":{"line":123,"column":110}},"locations":[{"start":{"line":123,"column":86},"end":{"line":123,"column":110}}]},"6":{"type":"branch","line":123,"loc":{"start":{"line":123,"column":92},"end":{"line":123,"column":114}},"locations":[{"start":{"line":123,"column":92},"end":{"line":123,"column":114}}]},"7":{"type":"branch","line":124,"loc":{"start":{"line":124,"column":130},"end":{"line":124,"column":154}},"locations":[{"start":{"line":124,"column":130},"end":{"line":124,"column":154}}]},"8":{"type":"branch","line":130,"loc":{"start":{"line":130,"column":111},"end":{"line":130,"column":138}},"locations":[{"start":{"line":130,"column":111},"end":{"line":130,"column":138}}]},"9":{"type":"branch","line":130,"loc":{"start":{"line":130,"column":132},"end":{"line":130,"column":156}},"locations":[{"start":{"line":130,"column":132},"end":{"line":130,"column":156}}]},"10":{"type":"branch","line":130,"loc":{"start":{"line":130,"column":138},"end":{"line":130,"column":158}},"locations":[{"start":{"line":130,"column":138},"end":{"line":130,"column":158}}]},"11":{"type":"branch","line":136,"loc":{"start":{"line":136,"column":132},"end":{"line":136,"column":156}},"locations":[{"start":{"line":136,"column":132},"end":{"line":136,"column":156}}]},"12":{"type":"branch","line":142,"loc":{"start":{"line":142,"column":106},"end":{"line":142,"column":133}},"locations":[{"start":{"line":142,"column":106},"end":{"line":142,"column":133}}]},"13":{"type":"branch","line":142,"loc":{"start":{"line":142,"column":127},"end":{"line":142,"column":151}},"locations":[{"start":{"line":142,"column":127},"end":{"line":142,"column":151}}]},"14":{"type":"branch","line":142,"loc":{"start":{"line":142,"column":133},"end":{"line":142,"column":153}},"locations":[{"start":{"line":142,"column":133},"end":{"line":142,"column":153}}]},"15":{"type":"branch","line":147,"loc":{"start":{"line":147,"column":99},"end":{"line":147,"column":123}},"locations":[{"start":{"line":147,"column":99},"end":{"line":147,"column":123}}]},"16":{"type":"branch","line":147,"loc":{"start":{"line":147,"column":105},"end":{"line":147,"column":125}},"locations":[{"start":{"line":147,"column":105},"end":{"line":147,"column":125}}]},"17":{"type":"branch","line":11,"loc":{"start":{"line":11,"column":22},"end":{"line":24,"column":4}},"locations":[{"start":{"line":11,"column":22},"end":{"line":24,"column":4}}]},"18":{"type":"branch","line":13,"loc":{"start":{"line":13,"column":18},"end":{"line":13,"column":79}},"locations":[{"start":{"line":13,"column":18},"end":{"line":13,"column":79}}]},"19":{"type":"branch","line":13,"loc":{"start":{"line":13,"column":79},"end":{"line":16,"column":15}},"locations":[{"start":{"line":13,"column":79},"end":{"line":16,"column":15}}]},"20":{"type":"branch","line":16,"loc":{"start":{"line":16,"column":34},"end":{"line":19,"column":11}},"locations":[{"start":{"line":16,"column":34},"end":{"line":19,"column":11}}]},"21":{"type":"branch","line":17,"loc":{"start":{"line":17,"column":25},"end":{"line":17,"column":38}},"locations":[{"start":{"line":17,"column":25},"end":{"line":17,"column":38}}]},"22":{"type":"branch","line":19,"loc":{"start":{"line":19,"column":4},"end":{"line":23,"column":5}},"locations":[{"start":{"line":19,"column":4},"end":{"line":23,"column":5}}]},"23":{"type":"branch","line":20,"loc":{"start":{"line":20,"column":22},"end":{"line":20,"column":51}},"locations":[{"start":{"line":20,"column":22},"end":{"line":20,"column":51}}]},"24":{"type":"branch","line":21,"loc":{"start":{"line":21,"column":27},"end":{"line":21,"column":50}},"locations":[{"start":{"line":21,"column":27},"end":{"line":21,"column":50}}]},"25":{"type":"branch","line":21,"loc":{"start":{"line":21,"column":44},"end":{"line":21,"column":58}},"locations":[{"start":{"line":21,"column":44},"end":{"line":21,"column":58}}]},"26":{"type":"branch","line":21,"loc":{"start":{"line":21,"column":50},"end":{"line":21,"column":71}},"locations":[{"start":{"line":21,"column":50},"end":{"line":21,"column":71}}]},"27":{"type":"branch","line":26,"loc":{"start":{"line":26,"column":26},"end":{"line":42,"column":4}},"locations":[{"start":{"line":26,"column":26},"end":{"line":42,"column":4}}]},"28":{"type":"branch","line":28,"loc":{"start":{"line":28,"column":18},"end":{"line":28,"column":37}},"locations":[{"start":{"line":28,"column":18},"end":{"line":28,"column":37}}]},"29":{"type":"branch","line":28,"loc":{"start":{"line":28,"column":37},"end":{"line":30,"column":11}},"locations":[{"start":{"line":28,"column":37},"end":{"line":30,"column":11}}]},"30":{"type":"branch","line":32,"loc":{"start":{"line":32,"column":33},"end":{"line":34,"column":17}},"locations":[{"start":{"line":32,"column":33},"end":{"line":34,"column":17}}]},"31":{"type":"branch","line":34,"loc":{"start":{"line":34,"column":6},"end":{"line":38,"column":7}},"locations":[{"start":{"line":34,"column":6},"end":{"line":38,"column":7}}]},"32":{"type":"branch","line":44,"loc":{"start":{"line":44,"column":20},"end":{"line":57,"column":4}},"locations":[{"start":{"line":44,"column":20},"end":{"line":57,"column":4}}]},"33":{"type":"branch","line":46,"loc":{"start":{"line":46,"column":6},"end":{"line":47,"column":30}},"locations":[{"start":{"line":46,"column":6},"end":{"line":47,"column":30}}]},"34":{"type":"branch","line":48,"loc":{"start":{"line":48,"column":6},"end":{"line":49,"column":30}},"locations":[{"start":{"line":48,"column":6},"end":{"line":49,"column":30}}]},"35":{"type":"branch","line":50,"loc":{"start":{"line":50,"column":6},"end":{"line":51,"column":30}},"locations":[{"start":{"line":50,"column":6},"end":{"line":51,"column":30}}]},"36":{"type":"branch","line":52,"loc":{"start":{"line":52,"column":6},"end":{"line":53,"column":30}},"locations":[{"start":{"line":52,"column":6},"end":{"line":53,"column":30}}]},"37":{"type":"branch","line":54,"loc":{"start":{"line":54,"column":6},"end":{"line":55,"column":23}},"locations":[{"start":{"line":54,"column":6},"end":{"line":55,"column":23}}]},"38":{"type":"branch","line":59,"loc":{"start":{"line":59,"column":26},"end":{"line":69,"column":4}},"locations":[{"start":{"line":59,"column":26},"end":{"line":69,"column":4}}]},"39":{"type":"branch","line":71,"loc":{"start":{"line":71,"column":16},"end":{"line":77,"column":4}},"locations":[{"start":{"line":71,"column":16},"end":{"line":77,"column":4}}]},"40":{"type":"branch","line":79,"loc":{"start":{"line":79,"column":21},"end":{"line":82,"column":4}},"locations":[{"start":{"line":79,"column":21},"end":{"line":82,"column":4}}]},"41":{"type":"branch","line":84,"loc":{"start":{"line":84,"column":21},"end":{"line":87,"column":4}},"locations":[{"start":{"line":84,"column":21},"end":{"line":87,"column":4}}]},"42":{"type":"branch","line":110,"loc":{"start":{"line":110,"column":12},"end":{"line":115,"column":5}},"locations":[{"start":{"line":110,"column":12},"end":{"line":115,"column":5}}]},"43":{"type":"branch","line":112,"loc":{"start":{"line":112,"column":11},"end":{"line":114,"column":6}},"locations":[{"start":{"line":112,"column":11},"end":{"line":114,"column":6}}]},"44":{"type":"branch","line":129,"loc":{"start":{"line":129,"column":25},"end":{"line":129,"column":49}},"locations":[{"start":{"line":129,"column":25},"end":{"line":129,"column":49}}]},"45":{"type":"branch","line":130,"loc":{"start":{"line":130,"column":25},"end":{"line":130,"column":53}},"locations":[{"start":{"line":130,"column":25},"end":{"line":130,"column":53}}]},"46":{"type":"branch","line":133,"loc":{"start":{"line":133,"column":25},"end":{"line":133,"column":49}},"locations":[{"start":{"line":133,"column":25},"end":{"line":133,"column":49}}]},"47":{"type":"branch","line":134,"loc":{"start":{"line":134,"column":25},"end":{"line":134,"column":49}},"locations":[{"start":{"line":134,"column":25},"end":{"line":134,"column":49}}]},"48":{"type":"branch","line":139,"loc":{"start":{"line":139,"column":25},"end":{"line":139,"column":49}},"locations":[{"start":{"line":139,"column":25},"end":{"line":139,"column":49}}]},"49":{"type":"branch","line":140,"loc":{"start":{"line":140,"column":25},"end":{"line":140,"column":49}},"locations":[{"start":{"line":140,"column":25},"end":{"line":140,"column":49}}]},"50":{"type":"branch","line":141,"loc":{"start":{"line":141,"column":25},"end":{"line":141,"column":49}},"locations":[{"start":{"line":141,"column":25},"end":{"line":141,"column":49}}]},"51":{"type":"branch","line":142,"loc":{"start":{"line":142,"column":25},"end":{"line":142,"column":53}},"locations":[{"start":{"line":142,"column":25},"end":{"line":142,"column":53}}]},"52":{"type":"branch","line":145,"loc":{"start":{"line":145,"column":25},"end":{"line":145,"column":49}},"locations":[{"start":{"line":145,"column":25},"end":{"line":145,"column":49}}]}},"b":{"0":[25],"1":[1],"2":[24],"3":[1],"4":[24],"5":[1],"6":[24],"7":[0],"8":[23],"9":[2],"10":[23],"11":[0],"12":[19],"13":[6],"14":[19],"15":[3],"16":[22],"17":[10],"18":[0],"19":[0],"20":[4],"21":[0],"22":[6],"23":[0],"24":[5],"25":[5],"26":[1],"27":[4],"28":[0],"29":[0],"30":[3],"31":[1],"32":[4],"33":[3],"34":[0],"35":[1],"36":[0],"37":[0],"38":[3],"39":[1],"40":[1],"41":[1],"42":[25],"43":[25],"44":[2],"45":[1],"46":[1],"47":[1],"48":[2],"49":[2],"50":[1],"51":[3],"52":[1]},"fnMap":{"0":{"name":"App","decl":{"start":{"line":4,"column":0},"end":{"line":151,"column":1}},"loc":{"start":{"line":4,"column":0},"end":{"line":151,"column":1}},"line":4},"1":{"name":"handleClick","decl":{"start":{"line":11,"column":22},"end":{"line":24,"column":4}},"loc":{"start":{"line":11,"column":22},"end":{"line":24,"column":4}},"line":11},"2":{"name":"handleOperation","decl":{"start":{"line":26,"column":26},"end":{"line":42,"column":4}},"loc":{"start":{"line":26,"column":26},"end":{"line":42,"column":4}},"line":26},"3":{"name":"calculate","decl":{"start":{"line":44,"column":20},"end":{"line":57,"column":4}},"loc":{"start":{"line":44,"column":20},"end":{"line":57,"column":4}},"line":44},"4":{"name":"calculateResult","decl":{"start":{"line":59,"column":26},"end":{"line":69,"column":4}},"loc":{"start":{"line":59,"column":26},"end":{"line":69,"column":4}},"line":59},"5":{"name":"clear","decl":{"start":{"line":71,"column":16},"end":{"line":77,"column":4}},"loc":{"start":{"line":71,"column":16},"end":{"line":77,"column":4}},"line":71},"6":{"name":"toggleSign","decl":{"start":{"line":79,"column":21},"end":{"line":82,"column":4}},"loc":{"start":{"line":79,"column":21},"end":{"line":82,"column":4}},"line":79},"7":{"name":"percentage","decl":{"start":{"line":84,"column":21},"end":{"line":87,"column":4}},"loc":{"start":{"line":84,"column":21},"end":{"line":87,"column":4}},"line":84},"8":{"name":"handleKeyPress","decl":{"start":{"line":89,"column":25},"end":{"line":108,"column":4}},"loc":{"start":{"line":89,"column":25},"end":{"line":108,"column":4}},"line":89},"9":{"name":"onClick","decl":{"start":{"line":124,"column":25},"end":{"line":124,"column":53}},"loc":{"start":{"line":124,"column":25},"end":{"line":124,"column":53}},"line":124},"10":{"name":"onClick","decl":{"start":{"line":127,"column":25},"end":{"line":127,"column":49}},"loc":{"start":{"line":127,"column":25},"end":{"line":127,"column":49}},"line":127},"11":{"name":"onClick","decl":{"start":{"line":128,"column":25},"end":{"line":128,"column":49}},"loc":{"start":{"line":128,"column":25},"end":{"line":128,"column":49}},"line":128},"12":{"name":"onClick","decl":{"start":{"line":129,"column":25},"end":{"line":129,"column":49}},"loc":{"start":{"line":129,"column":25},"end":{"line":129,"column":49}},"line":129},"13":{"name":"onClick","decl":{"start":{"line":130,"column":25},"end":{"line":130,"column":53}},"loc":{"start":{"line":130,"column":25},"end":{"line":130,"column":53}},"line":130},"14":{"name":"onClick","decl":{"start":{"line":133,"column":25},"end":{"line":133,"column":49}},"loc":{"start":{"line":133,"column":25},"end":{"line":133,"column":49}},"line":133},"15":{"name":"onClick","decl":{"start":{"line":134,"column":25},"end":{"line":134,"column":49}},"loc":{"start":{"line":134,"column":25},"end":{"line":134,"column":49}},"line":134},"16":{"name":"onClick","decl":{"start":{"line":135,"column":25},"end":{"line":135,"column":49}},"loc":{"start":{"line":135,"column":25},"end":{"line":135,"column":49}},"line":135},"17":{"name":"onClick","decl":{"start":{"line":136,"column":25},"end":{"line":136,"column":53}},"loc":{"start":{"line":136,"column":25},"end":{"line":136,"column":53}},"line":136},"18":{"name":"onClick","decl":{"start":{"line":139,"column":25},"end":{"line":139,"column":49}},"loc":{"start":{"line":139,"column":25},"end":{"line":139,"column":49}},"line":139},"19":{"name":"onClick","decl":{"start":{"line":140,"column":25},"end":{"line":140,"column":49}},"loc":{"start":{"line":140,"column":25},"end":{"line":140,"column":49}},"line":140},"20":{"name":"onClick","decl":{"start":{"line":141,"column":25},"end":{"line":141,"column":49}},"loc":{"start":{"line":141,"column":25},"end":{"line":141,"column":49}},"line":141},"21":{"name":"onClick","decl":{"start":{"line":142,"column":25},"end":{"line":142,"column":53}},"loc":{"start":{"line":142,"column":25},"end":{"line":142,"column":53}},"line":142},"22":{"name":"onClick","decl":{"start":{"line":145,"column":25},"end":{"line":145,"column":49}},"loc":{"start":{"line":145,"column":25},"end":{"line":145,"column":49}},"line":145},"23":{"name":"onClick","decl":{"start":{"line":146,"column":25},"end":{"line":146,"column":49}},"loc":{"start":{"line":146,"column":25},"end":{"line":146,"column":49}},"line":146}},"f":{"0":25,"1":10,"2":4,"3":4,"4":3,"5":1,"6":1,"7":1,"8":0,"9":0,"10":0,"11":0,"12":2,"13":1,"14":1,"15":1,"16":0,"17":0,"18":2,"19":2,"20":1,"21":3,"22":1,"23":0}}
,"C:\\Users\\Usuario\\Desktop\\Universidad\\Quinto Semestre\\Sistemas web\\Lab Calcu\\LabCalcu\\src\\main.jsx": {"path":"C:\\Users\\Usuario\\Desktop\\Universidad\\Quinto Semestre\\Sistemas web\\Lab Calcu\\LabCalcu\\src\\main.jsx","all":true,"statementMap":{"0":{"start":{"line":1,"column":0},"end":{"line":1,"column":25}},"1":{"start":{"line":2,"column":0},"end":{"line":2,"column":39}},"2":{"start":{"line":3,"column":0},"end":{"line":3,"column":27}},"3":{"start":{"line":4,"column":0},"end":{"line":4,"column":20}},"4":{"start":{"line":5,"column":0},"end":{"line":5,"column":0}},"5":{"start":{"line":6,"column":0},"end":{"line":6,"column":60}},"6":{"start":{"line":7,"column":0},"end":{"line":7,"column":20}},"7":{"start":{"line":8,"column":0},"end":{"line":8,"column":11}},"8":{"start":{"line":9,"column":0},"end":{"line":9,"column":22}},"9":{"start":{"line":10,"column":0},"end":{"line":10,"column":1}}},"s":{"0":0,"1":0,"2":0,"3":0,"4":0,"5":0,"6":0,"7":0,"8":0,"9":0},"branchMap":{"0":{"type":"branch","line":1,"loc":{"start":{"line":1,"column":234},"end":{"line":10,"column":1}},"locations":[{"start":{"line":1,"column":234},"end":{"line":10,"column":1}}]}},"b":{"0":[0]},"fnMap":{"0":{"name":"(empty-report)","decl":{"start":{"line":1,"column":234},"end":{"line":10,"column":1}},"loc":{"start":{"line":1,"column":234},"end":{"line":10,"column":1}},"line":1}},"f":{"0":0}}
}
